2025-01-29T12:29:43.355+05:30  INFO 12268 --- [todo-management-application-mysql-database] [restartedMain] i.v.s.web.TodoManagementApplication      : Starting TodoManagementApplication using Java 21.0.3 with PID 12268 (C:\Users\Gopal\eclipse-workspace\todo-management-application-mysql-database\target\classes started by Gopal in C:\Users\Gopal\eclipse-workspace\todo-management-application-mysql-database)
2025-01-29T12:29:43.365+05:30 DEBUG 12268 --- [todo-management-application-mysql-database] [restartedMain] i.v.s.web.TodoManagementApplication      : Running with Spring Boot v3.3.7, Spring v6.1.16
2025-01-29T12:29:43.367+05:30  INFO 12268 --- [todo-management-application-mysql-database] [restartedMain] i.v.s.web.TodoManagementApplication      : No active profile set, falling back to 1 default profile: "default"
2025-01-29T12:29:43.428+05:30  INFO 12268 --- [todo-management-application-mysql-database] [restartedMain] .e.DevToolsPropertyDefaultsPostProcessor : Devtools property defaults active! Set 'spring.devtools.add-properties' to 'false' to disable
2025-01-29T12:29:43.429+05:30  INFO 12268 --- [todo-management-application-mysql-database] [restartedMain] .e.DevToolsPropertyDefaultsPostProcessor : For additional web related logging consider setting the 'logging.level.web' property to 'DEBUG'
2025-01-29T12:29:44.256+05:30  INFO 12268 --- [todo-management-application-mysql-database] [restartedMain] .s.d.r.c.RepositoryConfigurationDelegate : Bootstrapping Spring Data JPA repositories in DEFAULT mode.
2025-01-29T12:29:44.312+05:30  INFO 12268 --- [todo-management-application-mysql-database] [restartedMain] .s.d.r.c.RepositoryConfigurationDelegate : Finished Spring Data repository scanning in 47 ms. Found 1 JPA repository interface.
2025-01-29T12:29:45.089+05:30  INFO 12268 --- [todo-management-application-mysql-database] [restartedMain] o.s.b.w.embedded.tomcat.TomcatWebServer  : Tomcat initialized with port 8081 (http)
2025-01-29T12:29:45.106+05:30  INFO 12268 --- [todo-management-application-mysql-database] [restartedMain] o.apache.catalina.core.StandardService   : Starting service [Tomcat]
2025-01-29T12:29:45.107+05:30  INFO 12268 --- [todo-management-application-mysql-database] [restartedMain] o.apache.catalina.core.StandardEngine    : Starting Servlet engine: [Apache Tomcat/10.1.34]
2025-01-29T12:29:45.337+05:30  INFO 12268 --- [todo-management-application-mysql-database] [restartedMain] org.apache.jasper.servlet.TldScanner     : At least one JAR was scanned for TLDs yet contained no TLDs. Enable debug logging for this logger for a complete list of JARs that were scanned but no TLDs were found in them. Skipping unneeded JARs during scanning can improve startup time and JSP compilation time.
2025-01-29T12:29:45.346+05:30  INFO 12268 --- [todo-management-application-mysql-database] [restartedMain] o.a.c.c.C.[Tomcat].[localhost].[/]       : Initializing Spring embedded WebApplicationContext
2025-01-29T12:29:45.347+05:30  INFO 12268 --- [todo-management-application-mysql-database] [restartedMain] w.s.c.ServletWebServerApplicationContext : Root WebApplicationContext: initialization completed in 1917 ms
2025-01-29T12:29:45.532+05:30  INFO 12268 --- [todo-management-application-mysql-database] [restartedMain] o.hibernate.jpa.internal.util.LogHelper  : HHH000204: Processing PersistenceUnitInfo [name: default]
2025-01-29T12:29:45.625+05:30  INFO 12268 --- [todo-management-application-mysql-database] [restartedMain] org.hibernate.Version                    : HHH000412: Hibernate ORM core version 6.5.3.Final
2025-01-29T12:29:45.659+05:30  INFO 12268 --- [todo-management-application-mysql-database] [restartedMain] o.h.c.internal.RegionFactoryInitiator    : HHH000026: Second-level cache disabled
2025-01-29T12:29:45.975+05:30  INFO 12268 --- [todo-management-application-mysql-database] [restartedMain] o.s.o.j.p.SpringPersistenceUnitInfo      : No LoadTimeWeaver setup: ignoring JPA class transformer
2025-01-29T12:29:46.003+05:30  INFO 12268 --- [todo-management-application-mysql-database] [restartedMain] com.zaxxer.hikari.HikariDataSource       : HikariPool-1 - Starting...
2025-01-29T12:29:46.364+05:30  INFO 12268 --- [todo-management-application-mysql-database] [restartedMain] com.zaxxer.hikari.pool.HikariPool        : HikariPool-1 - Added connection com.mysql.cj.jdbc.ConnectionImpl@4bfeffab
2025-01-29T12:29:46.367+05:30  INFO 12268 --- [todo-management-application-mysql-database] [restartedMain] com.zaxxer.hikari.HikariDataSource       : HikariPool-1 - Start completed.
2025-01-29T12:29:47.135+05:30  INFO 12268 --- [todo-management-application-mysql-database] [restartedMain] o.h.e.t.j.p.i.JtaPlatformInitiator       : HHH000489: No JTA platform available (set 'hibernate.transaction.jta.platform' to enable JTA platform integration)
2025-01-29T12:29:47.197+05:30  INFO 12268 --- [todo-management-application-mysql-database] [restartedMain] j.LocalContainerEntityManagerFactoryBean : Initialized JPA EntityManagerFactory for persistence unit 'default'
2025-01-29T12:29:47.778+05:30  WARN 12268 --- [todo-management-application-mysql-database] [restartedMain] JpaBaseConfiguration$JpaWebConfiguration : spring.jpa.open-in-view is enabled by default. Therefore, database queries may be performed during view rendering. Explicitly configure spring.jpa.open-in-view to disable this warning
2025-01-29T12:29:47.819+05:30  INFO 12268 --- [todo-management-application-mysql-database] [restartedMain] r$InitializeUserDetailsManagerConfigurer : Global AuthenticationManager configured with UserDetailsService bean with name createUserDetailsManager
2025-01-29T12:29:48.390+05:30  INFO 12268 --- [todo-management-application-mysql-database] [restartedMain] o.s.b.d.a.OptionalLiveReloadServer       : LiveReload server is running on port 35729
2025-01-29T12:29:48.443+05:30  INFO 12268 --- [todo-management-application-mysql-database] [restartedMain] o.s.b.w.embedded.tomcat.TomcatWebServer  : Tomcat started on port 8081 (http) with context path '/'
2025-01-29T12:29:48.454+05:30  INFO 12268 --- [todo-management-application-mysql-database] [restartedMain] i.v.s.web.TodoManagementApplication      : Started TodoManagementApplication in 5.548 seconds (process running for 6.104)
2025-01-29T12:30:01.577+05:30  INFO 12268 --- [todo-management-application-mysql-database] [http-nio-8081-exec-1] o.a.c.c.C.[Tomcat].[localhost].[/]       : Initializing Spring DispatcherServlet 'dispatcherServlet'
2025-01-29T12:30:01.577+05:30  INFO 12268 --- [todo-management-application-mysql-database] [http-nio-8081-exec-1] o.s.web.servlet.DispatcherServlet        : Initializing Servlet 'dispatcherServlet'
2025-01-29T12:30:01.579+05:30  INFO 12268 --- [todo-management-application-mysql-database] [http-nio-8081-exec-1] o.s.web.servlet.DispatcherServlet        : Completed initialization in 2 ms
